Determining if the Q_WS_WIN exist failed with the following output:
Change Dir: /home/sven/projects/kde4/python/build/CMakeFiles/CMakeTmp

Run Build Command:/usr/bin/gmake "cmTryCompileExec/fast"
/usr/bin/gmake -f CMakeFiles/cmTryCompileExec.dir/build.make CMakeFiles/cmTryCompileExec.dir/build
gmake[1]: Entering directory `/home/sven/projects/kde4/python/build/CMakeFiles/CMakeTmp'
/usr/bin/cmake -E cmake_progress_report /home/sven/projects/kde4/python/build/CMakeFiles/CMakeTmp/CMakeFiles 1
Building C object CMakeFiles/cmTryCompileExec.dir/CheckSymbolExists.c.o
/usr/bin/gcc   -I/usr/include/qt4   -o CMakeFiles/cmTryCompileExec.dir/CheckSymbolExists.c.o   -c /home/sven/projects/kde4/python/build/CMakeFiles/CMakeTmp/CheckSymbolExists.c
/home/sven/projects/kde4/python/build/CMakeFiles/CMakeTmp/CheckSymbolExists.c: In Funktion »main«:
/home/sven/projects/kde4/python/build/CMakeFiles/CMakeTmp/CheckSymbolExists.c:8: Fehler: »Q_WS_WIN« nicht deklariert (erste Benutzung in dieser Funktion)
/home/sven/projects/kde4/python/build/CMakeFiles/CMakeTmp/CheckSymbolExists.c:8: Fehler: (Jeder nicht deklarierte Bezeichner wird nur einmal aufgeführt
/home/sven/projects/kde4/python/build/CMakeFiles/CMakeTmp/CheckSymbolExists.c:8: Fehler: für jede Funktion in der er auftritt.)
gmake[1]: Leaving directory `/home/sven/projects/kde4/python/build/CMakeFiles/CMakeTmp'
gmake[1]: *** [CMakeFiles/cmTryCompileExec.dir/CheckSymbolExists.c.o] Fehler 1
gmake: *** [cmTryCompileExec/fast] Fehler 2

File /home/sven/projects/kde4/python/build/CMakeFiles/CMakeTmp/CheckSymbolExists.c:
/* */
#include <QtCore/qglobal.h>

void cmakeRequireSymbol(int dummy,...){(void)dummy;}
int main()
{
#ifndef Q_WS_WIN
  cmakeRequireSymbol(0,&Q_WS_WIN);
#endif
  return 0;
}

Determining if the Q_WS_QWS exist failed with the following output:
Change Dir: /home/sven/projects/kde4/python/build/CMakeFiles/CMakeTmp

Run Build Command:/usr/bin/gmake "cmTryCompileExec/fast"
/usr/bin/gmake -f CMakeFiles/cmTryCompileExec.dir/build.make CMakeFiles/cmTryCompileExec.dir/build
gmake[1]: Entering directory `/home/sven/projects/kde4/python/build/CMakeFiles/CMakeTmp'
/usr/bin/cmake -E cmake_progress_report /home/sven/projects/kde4/python/build/CMakeFiles/CMakeTmp/CMakeFiles 1
Building C object CMakeFiles/cmTryCompileExec.dir/CheckSymbolExists.c.o
/usr/bin/gcc   -I/usr/include/qt4   -o CMakeFiles/cmTryCompileExec.dir/CheckSymbolExists.c.o   -c /home/sven/projects/kde4/python/build/CMakeFiles/CMakeTmp/CheckSymbolExists.c
/home/sven/projects/kde4/python/build/CMakeFiles/CMakeTmp/CheckSymbolExists.c: In Funktion »main«:
/home/sven/projects/kde4/python/build/CMakeFiles/CMakeTmp/CheckSymbolExists.c:8: Fehler: »Q_WS_QWS« nicht deklariert (erste Benutzung in dieser Funktion)
/home/sven/projects/kde4/python/build/CMakeFiles/CMakeTmp/CheckSymbolExists.c:8: Fehler: (Jeder nicht deklarierte Bezeichner wird nur einmal aufgeführt
/home/sven/projects/kde4/python/build/CMakeFiles/CMakeTmp/CheckSymbolExists.c:8: Fehler: für jede Funktion in der er auftritt.)
gmake[1]: Leaving directory `/home/sven/projects/kde4/python/build/CMakeFiles/CMakeTmp'
gmake[1]: *** [CMakeFiles/cmTryCompileExec.dir/CheckSymbolExists.c.o] Fehler 1
gmake: *** [cmTryCompileExec/fast] Fehler 2

File /home/sven/projects/kde4/python/build/CMakeFiles/CMakeTmp/CheckSymbolExists.c:
/* */
#include <QtCore/qglobal.h>

void cmakeRequireSymbol(int dummy,...){(void)dummy;}
int main()
{
#ifndef Q_WS_QWS
  cmakeRequireSymbol(0,&Q_WS_QWS);
#endif
  return 0;
}

Determining if the Q_WS_MAC exist failed with the following output:
Change Dir: /home/sven/projects/kde4/python/build/CMakeFiles/CMakeTmp

Run Build Command:/usr/bin/gmake "cmTryCompileExec/fast"
/usr/bin/gmake -f CMakeFiles/cmTryCompileExec.dir/build.make CMakeFiles/cmTryCompileExec.dir/build
gmake[1]: Entering directory `/home/sven/projects/kde4/python/build/CMakeFiles/CMakeTmp'
/usr/bin/cmake -E cmake_progress_report /home/sven/projects/kde4/python/build/CMakeFiles/CMakeTmp/CMakeFiles 1
Building C object CMakeFiles/cmTryCompileExec.dir/CheckSymbolExists.c.o
/usr/bin/gcc   -I/usr/include/qt4   -o CMakeFiles/cmTryCompileExec.dir/CheckSymbolExists.c.o   -c /home/sven/projects/kde4/python/build/CMakeFiles/CMakeTmp/CheckSymbolExists.c
/home/sven/projects/kde4/python/build/CMakeFiles/CMakeTmp/CheckSymbolExists.c: In Funktion »main«:
/home/sven/projects/kde4/python/build/CMakeFiles/CMakeTmp/CheckSymbolExists.c:8: Fehler: »Q_WS_MAC« nicht deklariert (erste Benutzung in dieser Funktion)
/home/sven/projects/kde4/python/build/CMakeFiles/CMakeTmp/CheckSymbolExists.c:8: Fehler: (Jeder nicht deklarierte Bezeichner wird nur einmal aufgeführt
/home/sven/projects/kde4/python/build/CMakeFiles/CMakeTmp/CheckSymbolExists.c:8: Fehler: für jede Funktion in der er auftritt.)
gmake[1]: *** [CMakeFiles/cmTryCompileExec.dir/CheckSymbolExists.c.o] Fehler 1
gmake[1]: Leaving directory `/home/sven/projects/kde4/python/build/CMakeFiles/CMakeTmp'
gmake: *** [cmTryCompileExec/fast] Fehler 2

File /home/sven/projects/kde4/python/build/CMakeFiles/CMakeTmp/CheckSymbolExists.c:
/* */
#include <QtCore/qglobal.h>

void cmakeRequireSymbol(int dummy,...){(void)dummy;}
int main()
{
#ifndef Q_WS_MAC
  cmakeRequireSymbol(0,&Q_WS_MAC);
#endif
  return 0;
}

Determining if the function pthread_create exists in the pthreads failed with the following output:
Change Dir: /home/sven/projects/kde4/python/build/CMakeFiles/CMakeTmp

Run Build Command:/usr/bin/gmake "cmTryCompileExec/fast"
/usr/bin/gmake -f CMakeFiles/cmTryCompileExec.dir/build.make CMakeFiles/cmTryCompileExec.dir/build
gmake[1]: Entering directory `/home/sven/projects/kde4/python/build/CMakeFiles/CMakeTmp'
/usr/bin/cmake -E cmake_progress_report /home/sven/projects/kde4/python/build/CMakeFiles/CMakeTmp/CMakeFiles 1
Building C object CMakeFiles/cmTryCompileExec.dir/CheckFunctionExists.c.o
/usr/bin/gcc   -DCHECK_FUNCTION_EXISTS=pthread_create   -o CMakeFiles/cmTryCompileExec.dir/CheckFunctionExists.c.o   -c /usr/share/cmake/Modules/CheckFunctionExists.c
Linking C executable cmTryCompileExec
/usr/bin/cmake -E cmake_link_script CMakeFiles/cmTryCompileExec.dir/link.txt --verbose=1
/usr/bin/gcc     -DCHECK_FUNCTION_EXISTS=pthread_create   CMakeFiles/cmTryCompileExec.dir/CheckFunctionExists.c.o  -o cmTryCompileExec -rdynamic -lpthreads 
/usr/lib/gcc/i686-pc-linux-gnu/4.4.2/../../../../i686-pc-linux-gnu/bin/ld: cannot find -lpthreads
collect2: ld gab 1 als Ende-Status zurück
gmake[1]: Leaving directory `/home/sven/projects/kde4/python/build/CMakeFiles/CMakeTmp'
gmake[1]: *** [cmTryCompileExec] Fehler 1
gmake: *** [cmTryCompileExec/fast] Fehler 2


Performing C++ SOURCE FILE Test _OFFT_IS_64BIT failed with the following output:
Change Dir: /home/sven/projects/kde4/python/build/CMakeFiles/CMakeTmp

Run Build Command:/usr/bin/gmake "cmTryCompileExec/fast"
/usr/bin/gmake -f CMakeFiles/cmTryCompileExec.dir/build.make CMakeFiles/cmTryCompileExec.dir/build
gmake[1]: Entering directory `/home/sven/projects/kde4/python/build/CMakeFiles/CMakeTmp'
/usr/bin/cmake -E cmake_progress_report /home/sven/projects/kde4/python/build/CMakeFiles/CMakeTmp/CMakeFiles 1
Building CXX object CMakeFiles/cmTryCompileExec.dir/src.cxx.o
/usr/bin/c++    -D_OFFT_IS_64BIT   -o CMakeFiles/cmTryCompileExec.dir/src.cxx.o -c /home/sven/projects/kde4/python/build/CMakeFiles/CMakeTmp/src.cxx
/home/sven/projects/kde4/python/build/CMakeFiles/CMakeTmp/src.cxx:9: Warnung: Links-Schiebe-Weite >= Breite des Typs
/home/sven/projects/kde4/python/build/CMakeFiles/CMakeTmp/src.cxx:9: Warnung: Links-Schiebe-Weite >= Breite des Typs
/home/sven/projects/kde4/python/build/CMakeFiles/CMakeTmp/src.cxx:9: Warnung: Links-Schiebe-Weite >= Breite des Typs
/home/sven/projects/kde4/python/build/CMakeFiles/CMakeTmp/src.cxx:9: Warnung: Links-Schiebe-Weite >= Breite des Typs
/home/sven/projects/kde4/python/build/CMakeFiles/CMakeTmp/src.cxx:9: Fehler: Größe des Feldes »off_t_is_large« ist negativ
gmake[1]: Leaving directory `/home/sven/projects/kde4/python/build/CMakeFiles/CMakeTmp'
gmake[1]: *** [CMakeFiles/cmTryCompileExec.dir/src.cxx.o] Fehler 1
gmake: *** [cmTryCompileExec/fast] Fehler 2

Source file was:

#include <sys/types.h>
 /* Check that off_t can represent 2**63 - 1 correctly.
    We can't simply define LARGE_OFF_T to be 9223372036854775807,
    since some C++ compilers masquerading as C compilers
    incorrectly reject 9223372036854775807.  */
#define LARGE_OFF_T (((off_t) 1 << 62) - 1 + ((off_t) 1 << 62))

  int off_t_is_large[(LARGE_OFF_T % 2147483629 == 721 && LARGE_OFF_T % 2147483647 == 1) ? 1 : -1];
  int main() { return 0; }

